[2019-06-30 21:09:34,104] {dag_processing.py:788} INFO - Processing files using up to 1 processes at a time 
[2019-06-30 21:09:34,104] {dag_processing.py:789} INFO - Process each file at most once every 0 seconds
[2019-06-30 21:09:34,104] {dag_processing.py:791} INFO - Checking for new files in /root/airflow/dags every 300 seconds
[2019-06-30 21:09:34,111] {dag_processing.py:1011} INFO - 
================================================================================
DAG File Processing Stats

File Path                                                                                                 PID  Runtime    Last Runtime    Last Run
------------------------------------------------------------------------------------------------------  -----  ---------  --------------  ----------
/root/airflow/dags/hello_world_test.py
/usr/local/lib/python3.6/site-packages/airflow/example_dags/example_trigger_controller_dag.py
/usr/local/lib/python3.6/site-packages/airflow/example_dags/example_python_operator.py
/usr/local/lib/python3.6/site-packages/airflow/example_dags/example_branch_operator.py
/usr/local/lib/python3.6/site-packages/airflow/example_dags/example_latest_only.py
/usr/local/lib/python3.6/site-packages/airflow/example_dags/example_trigger_target_dag.py
/usr/local/lib/python3.6/site-packages/airflow/example_dags/example_bash_operator.py
/usr/local/lib/python3.6/site-packages/airflow/example_dags/example_short_circuit_operator.py
/usr/local/lib/python3.6/site-packages/airflow/example_dags/docker_copy_data.py
/usr/local/lib/python3.6/site-packages/airflow/example_dags/example_subdag_operator.py
/usr/local/lib/python3.6/site-packages/airflow/example_dags/example_xcom.py
/usr/local/lib/python3.6/site-packages/airflow/example_dags/example_passing_params_via_test_command.py
/usr/local/lib/python3.6/site-packages/airflow/example_dags/example_docker_operator.py
/usr/local/lib/python3.6/site-packages/airflow/example_dags/example_skip_dag.py
/usr/local/lib/python3.6/site-packages/airflow/example_dags/example_latest_only_with_trigger.py
/usr/local/lib/python3.6/site-packages/airflow/example_dags/test_utils.py
/usr/local/lib/python3.6/site-packages/airflow/example_dags/example_http_operator.py
/usr/local/lib/python3.6/site-packages/airflow/example_dags/tutorial.py
/usr/local/lib/python3.6/site-packages/airflow/example_dags/example_branch_python_dop_operator_3.py       820  0.00s
/usr/local/lib/python3.6/site-packages/airflow/example_dags/subdags/subdag.py
================================================================================
[2019-06-30 21:09:44,107] {dag_processing.py:1232} INFO - Finding 'running' jobs without a recent heartbeat
[2019-06-30 21:09:44,108] {dag_processing.py:1236} INFO - Failing jobs without heartbeat after 2019-06-30 21:04:44.108600+00:00
[2019-06-30 21:09:56,120] {dag_processing.py:1232} INFO - Finding 'running' jobs without a recent heartbeat
[2019-06-30 21:09:56,121] {dag_processing.py:1236} INFO - Failing jobs without heartbeat after 2019-06-30 21:04:56.121589+00:00
[2019-06-30 21:10:04,136] {dag_processing.py:1011} INFO - 
================================================================================
DAG File Processing Stats

File Path                                                                                                 PID  Runtime    Last Runtime    Last Run
------------------------------------------------------------------------------------------------------  -----  ---------  --------------  -------------------
/usr/local/lib/python3.6/site-packages/airflow/example_dags/example_xcom.py
/usr/local/lib/python3.6/site-packages/airflow/example_dags/example_passing_params_via_test_command.py
/usr/local/lib/python3.6/site-packages/airflow/example_dags/example_latest_only_with_trigger.py
/usr/local/lib/python3.6/site-packages/airflow/example_dags/test_utils.py                                 863  0.00s
/usr/local/lib/python3.6/site-packages/airflow/example_dags/subdags/subdag.py
/usr/local/lib/python3.6/site-packages/airflow/example_dags/example_skip_dag.py                                           1.97s           2019-06-30T21:09:46
/usr/local/lib/python3.6/site-packages/airflow/example_dags/example_docker_operator.py                                    1.98s           2019-06-30T21:09:58
/usr/local/lib/python3.6/site-packages/airflow/example_dags/example_branch_python_dop_operator_3.py                       1.99s           2019-06-30T21:09:36
/usr/local/lib/python3.6/site-packages/airflow/example_dags/docker_copy_data.py                                           2.00s           2019-06-30T21:09:52
/usr/local/lib/python3.6/site-packages/airflow/example_dags/example_subdag_operator.py                                    2.00s           2019-06-30T21:09:56
/usr/local/lib/python3.6/site-packages/airflow/example_dags/example_trigger_target_dag.py                                 2.00s           2019-06-30T21:09:48
/usr/local/lib/python3.6/site-packages/airflow/example_dags/example_bash_operator.py                                      2.00s           2019-06-30T21:10:02
/usr/local/lib/python3.6/site-packages/airflow/example_dags/example_trigger_controller_dag.py                             2.00s           2019-06-30T21:10:04
/usr/local/lib/python3.6/site-packages/airflow/example_dags/example_latest_only.py                                        2.00s           2019-06-30T21:09:54
/usr/local/lib/python3.6/site-packages/airflow/example_dags/example_branch_operator.py                                    2.00s           2019-06-30T21:10:00
/usr/local/lib/python3.6/site-packages/airflow/example_dags/example_http_operator.py                                      2.00s           2019-06-30T21:09:44
/root/airflow/dags/hello_world_test.py                                                                                    2.00s           2019-06-30T21:09:50
/usr/local/lib/python3.6/site-packages/airflow/example_dags/tutorial.py                                                   2.00s           2019-06-30T21:09:42
/usr/local/lib/python3.6/site-packages/airflow/example_dags/example_python_operator.py                                    2.00s           2019-06-30T21:09:38
/usr/local/lib/python3.6/site-packages/airflow/example_dags/example_short_circuit_operator.py                             2.00s           2019-06-30T21:09:40
================================================================================
[2019-06-30 21:10:08,114] {dag_processing.py:774} INFO - Exiting gracefully upon receiving signal 2
[2019-06-30 21:10:08,119] {dag_processing.py:774} INFO - Exiting gracefully upon receiving signal 15
[2019-06-30 21:10:08,119] {dag_processing.py:1295} INFO - Waiting up to 5 seconds for processes to exit...
